<?xml version="1.0" encoding="UTF-8"?>
<!-- Generated by org.testng.reporters.JUnitReportReporter -->
<testsuite skipped="1" hostname="SB-GANAPATI01" name="com.ebaywebtest.testrunners.TestRunner" tests="1" failures="0" timestamp="18 Jul 2019 23:14:06 GMT" time="0.000" errors="0">
  <testcase name="feature" time="0.000" classname="com.ebaywebtest.testrunners.TestRunner">
    <skipped/>
  </testcase> <!-- feature -->
</testsuite> <!-- com.ebaywebtest.testrunners.TestRunner -->
