<?xml version="1.0" encoding="UTF-8"?>
<!-- Generated by org.testng.reporters.JUnitReportReporter -->
<testsuite skipped="0" hostname="SB-GANAPATI01" name="com.ebaywebtest.stepdefinitions.test" tests="1" failures="0" timestamp="17 Jul 2019 04:28:42 GMT" time="0.014" errors="0">
  <testcase name="testing" time="0.014" classname="com.ebaywebtest.stepdefinitions.test"/>
</testsuite> <!-- com.ebaywebtest.stepdefinitions.test -->
