<?xml version="1.0" encoding="UTF-8"?>
<!-- Generated by org.testng.reporters.JUnitReportReporter -->
<testsuite skipped="0" hostname="SB-GANAPATI01" name="com.ebaywebtest.testrunners.TestRunner" tests="1" failures="0" timestamp="18 Jul 2019 06:35:49 GMT" time="61.336" errors="0">
  <testcase name="feature" time="61.336" classname="com.ebaywebtest.testrunners.TestRunner"/>
</testsuite> <!-- com.ebaywebtest.testrunners.TestRunner -->
